[debug] [2021-11-19T20:47:07.140Z] ----------------------------------------------------------------------
[debug] [2021-11-19T20:47:07.142Z] Command:       /usr/bin/node /usr/local/bin/firebase init
[debug] [2021-11-19T20:47:07.143Z] CLI Version:   9.23.0
[debug] [2021-11-19T20:47:07.143Z] Platform:      linux
[debug] [2021-11-19T20:47:07.143Z] Node Version:  v12.21.0
[debug] [2021-11-19T20:47:07.143Z] Time:          Fri Nov 19 2021 17:47:07 GMT-0300 (Horário Padrão de Brasília)
[debug] [2021-11-19T20:47:07.143Z] ----------------------------------------------------------------------
[debug] 
[debug] [2021-11-19T20:47:07.149Z] > command requires scopes: ["email","openid","https://www.googleapis.com/auth/cloudplatformprojects.readonly","https://www.googleapis.com/auth/firebase","https://www.googleapis.com/auth/cloud-platform"]
[debug] [2021-11-19T20:47:07.149Z] > authorizing via signed-in user (evertonfilipe.araujo@gmail.com)
[info] 
     ######## #### ########  ######## ########     ###     ######  ########
     ##        ##  ##     ## ##       ##     ##  ##   ##  ##       ##
     ######    ##  ########  ######   ########  #########  ######  ######
     ##        ##  ##    ##  ##       ##     ## ##     ##       ## ##
     ##       #### ##     ## ######## ########  ##     ##  ######  ########

You're about to initialize a Firebase project in this directory:

  /home/evertonaraujo/gitTest

[info] 
=== Project Setup
[info] 
[info] First, let's associate this project directory with a Firebase project.
[info] You can create multiple project aliases by running firebase use --add, 
[info] but for now we'll just set up a default project.
[info] 
[debug] [2021-11-19T20:47:59.190Z] > refreshing access token with scopes: []
[debug] [2021-11-19T20:47:59.192Z] >>> HTTP REQUEST POST https://www.googleapis.com/oauth2/v3/token  
 <request body omitted>
[debug] [2021-11-19T20:47:59.390Z] <<< HTTP RESPONSE 200 {"pragma":"no-cache","date":"Fri, 19 Nov 2021 20:47:59 GMT","cache-control":"no-cache, no-store, max-age=0, must-revalidate","expires":"Mon, 01 Jan 1990 00:00:00 GMT","content-type":"application/json; charset=utf-8","vary":"X-Origin, Referer, Origin,Accept-Encoding","server":"scaffolding on HTTPServer2","x-xss-protection":"0","x-frame-options":"SAMEORIGIN","x-content-type-options":"nosniff","alt-svc":"h3=\":443\"; ma=2592000,h3-29=\":443\"; ma=2592000,h3-Q050=\":443\"; ma=2592000,h3-Q046=\":443\"; ma=2592000,h3-Q043=\":443\"; ma=2592000,quic=\":443\"; ma=2592000; v=\"46,43\"","accept-ranges":"none","transfer-encoding":"chunked"}
[debug] [2021-11-19T20:47:59.416Z] >>> [apiv2][query] GET https://firebase.googleapis.com/v1beta1/projects pageSize=100
[debug] [2021-11-19T20:47:59.941Z] <<< [apiv2][status] GET https://firebase.googleapis.com/v1beta1/projects 200
[debug] [2021-11-19T20:47:59.941Z] <<< [apiv2][body] GET https://firebase.googleapis.com/v1beta1/projects [omitted]
[info] i  Using project casamento-mayaraeeverton (casamento-mayaraeeverton) 
[info] 
=== Hosting:github Setup
[info] 
[info] i  Detected a .git folder at /home/evertonaraujo/gitTest 
[info] i  Authorizing with GitHub to upload your service account to a GitHub repository's secrets store. 
[info] 
[info] Visit this URL on this device to log in:
[info] https://github.com/login/oauth/authorize?client_id=89cf50f02ac6aaed3484&state=668598941&redirect_uri=http%3A%2F%2Flocalhost%3A9005&scope=read%3Auser%20repo%20public_repo
[info] 
[info] Waiting for authentication...
[debug] [2021-11-19T20:48:02.312Z] >>> HTTP REQUEST POST https://github.com/login/oauth/access_token  
 {"client_id":"89cf50f02ac6aaed3484","client_secret":"3330d14abc895d9a74d5f17cd7a00711fa2c5bf0","code":"fd6d1302414b9e44ca8d","redirect_uri":"http://localhost:9005","state":"668598941"}
[debug] [2021-11-19T20:48:02.582Z] <<< HTTP RESPONSE 200 {"server":"GitHub.com","date":"Fri, 19 Nov 2021 20:48:02 GMT","content-type":"application/json; charset=utf-8","transfer-encoding":"chunked","vary":"X-PJAX, X-PJAX-Container, Accept-Encoding, Accept, X-Requested-With","permissions-policy":"interest-cohort=()","etag":"W/\"8fe73a5828eb1ede2b2002a43ea9cc6b\"","cache-control":"max-age=0, private, must-revalidate","strict-transport-security":"max-age=31536000; includeSubdomains; preload","x-frame-options":"deny","x-content-type-options":"nosniff","x-xss-protection":"0","referrer-policy":"origin-when-cross-origin, strict-origin-when-cross-origin","expect-ct":"max-age=2592000, report-uri=\"https://api.github.com/_private/browser/errors\"","content-security-policy":"default-src 'none'; base-uri 'self'; block-all-mixed-content; child-src github.com/assets-cdn/worker/ gist.github.com/assets-cdn/worker/; connect-src 'self' uploads.github.com objects-origin.githubusercontent.com www.githubstatus.com collector.githubapp.com api.github.com github-cloud.s3.amazonaws.com github-production-repository-file-5c1aeb.s3.amazonaws.com github-production-upload-manifest-file-7fdce7.s3.amazonaws.com github-production-user-asset-6210df.s3.amazonaws.com cdn.optimizely.com logx.optimizely.com/v1/events translator.github.com wss://alive.github.com; font-src github.githubassets.com; form-action 'self' github.com gist.github.com objects-origin.githubusercontent.com; frame-ancestors 'none'; frame-src render.githubusercontent.com viewscreen.githubusercontent.com notebooks.githubusercontent.com; img-src 'self' data: github.githubassets.com identicons.github.com collector.githubapp.com github-cloud.s3.amazonaws.com secured-user-images.githubusercontent.com/ *.githubusercontent.com; manifest-src 'self'; media-src github.com user-images.githubusercontent.com/; script-src github.githubassets.com; style-src 'unsafe-inline' github.githubassets.com; worker-src github.com/assets-cdn/worker/ gist.github.com/assets-cdn/worker/","x-github-request-id":"CE84:57CA:11DFD4:43E6D7:61980D82"}
[debug] [2021-11-19T20:48:02.587Z] >>> [apiv2][query] GET https://api.github.com/user [none]
[debug] [2021-11-19T20:48:02.949Z] <<< [apiv2][status] GET https://api.github.com/user 200
[debug] [2021-11-19T20:48:02.950Z] <<< [apiv2][body] GET https://api.github.com/user {"login":"evertonfbaraujo","id":67438837,"node_id":"MDQ6VXNlcjY3NDM4ODM3","avatar_url":"https://avatars.githubusercontent.com/u/67438837?v=4","gravatar_id":"","url":"https://api.github.com/users/evertonfbaraujo","html_url":"https://github.com/evertonfbaraujo","followers_url":"https://api.github.com/users/evertonfbaraujo/followers","following_url":"https://api.github.com/users/evertonfbaraujo/following{/other_user}","gists_url":"https://api.github.com/users/evertonfbaraujo/gists{/gist_id}","starred_url":"https://api.github.com/users/evertonfbaraujo/starred{/owner}{/repo}","subscriptions_url":"https://api.github.com/users/evertonfbaraujo/subscriptions","organizations_url":"https://api.github.com/users/evertonfbaraujo/orgs","repos_url":"https://api.github.com/users/evertonfbaraujo/repos","events_url":"https://api.github.com/users/evertonfbaraujo/events{/privacy}","received_events_url":"https://api.github.com/users/evertonfbaraujo/received_events","type":"User","site_admin":false,"name":"Everton Araujo","company":null,"blog":"","location":"Rio de Janeiro","email":null,"hireable":null,"bio":"Oi","twitter_username":null,"public_repos":3,"public_gists":0,"followers":1,"following":1,"created_at":"2020-06-25T19:37:04Z","updated_at":"2021-11-10T17:44:04Z","private_gists":0,"total_private_repos":0,"owned_private_repos":0,"disk_usage":6016,"collaborators":0,"two_factor_authentication":false,"plan":{"name":"free","space":976562499,"collaborators":0,"private_repos":10000}}
[info] 
[info] ✔  Success! Logged into GitHub as evertonfbaraujo 
[info] 
